<?xml version="1.0" encoding="UTF-8"?>
<testng-results ignored="0" total="1" passed="1" failed="0" skipped="0">
  <reporter-output>
  </reporter-output>
  <suite started-at="2023-06-07T11:42:27 IST" name="Default suite" finished-at="2023-06-07T11:42:33 IST" duration-ms="6120">
    <groups>
    </groups>
    <test started-at="2023-06-07T11:42:27 IST" name="Default test" finished-at="2023-06-07T11:42:33 IST" duration-ms="6120">
      <class name="Manippal.test.cases.TestCasesDemo">
        <test-method is-config="true" signature="setup()[pri:0, instance:Manippal.test.cases.TestCasesDemo@67c33749]" started-at="2023-06-07T11:42:27 IST" name="setup" finished-at="2023-06-07T11:42:31 IST" duration-ms="4381" status="PASS">
          <reporter-output>
          </reporter-output>
        </test-method> <!-- setup -->
        <test-method signature="Scenario()[pri:0, instance:Manippal.test.cases.TestCasesDemo@67c33749]" started-at="2023-06-07T11:42:31 IST" name="Scenario" finished-at="2023-06-07T11:42:33 IST" duration-ms="1698" status="PASS">
          <reporter-output>
          </reporter-output>
        </test-method> <!-- Scenario -->
      </class> <!-- Manippal.test.cases.TestCasesDemo -->
    </test> <!-- Default test -->
  </suite> <!-- Default suite -->
</testng-results>
